0 info it worked if it ends with ok
1 verbose cli [ 'node', '/usr/local/bin/npm', 'install' ]
2 info using npm@1.4.28
3 info using node@v0.10.33
4 verbose readDependencies using package.json deps
5 verbose install where, deps [ '/Users/shridhardeshmukh/Documents/Projects/MyProjects/jjsonviewer',
5 verbose install   [ 'grunt',
5 verbose install     'grunt-contrib-jshint',
5 verbose install     'grunt-contrib-watch',
5 verbose install     'testem',
5 verbose install     'phantomjs' ] ]
6 info preinstall jjsonviewer@1.0.0
7 verbose readDependencies using package.json deps
8 verbose already installed skipping grunt@~0.4.5 /Users/shridhardeshmukh/Documents/Projects/MyProjects/jjsonviewer
9 verbose already installed skipping grunt-contrib-jshint@~0.11.1 /Users/shridhardeshmukh/Documents/Projects/MyProjects/jjsonviewer
10 verbose already installed skipping grunt-contrib-watch@~0.6.1 /Users/shridhardeshmukh/Documents/Projects/MyProjects/jjsonviewer
11 verbose cache add [ 'testem@~0.8.0.0', null ]
12 verbose cache add name=undefined spec="testem@~0.8.0.0" args=["testem@~0.8.0.0",null]
13 verbose parsed url { protocol: null,
13 verbose parsed url   slashes: null,
13 verbose parsed url   auth: null,
13 verbose parsed url   host: null,
13 verbose parsed url   port: null,
13 verbose parsed url   hostname: null,
13 verbose parsed url   hash: null,
13 verbose parsed url   search: null,
13 verbose parsed url   query: null,
13 verbose parsed url   pathname: 'testem@~0.8.0.0',
13 verbose parsed url   path: 'testem@~0.8.0.0',
13 verbose parsed url   href: 'testem@~0.8.0.0' }
14 verbose cache add name="testem" spec="~0.8.0.0" args=["testem","~0.8.0.0"]
15 verbose parsed url { protocol: null,
15 verbose parsed url   slashes: null,
15 verbose parsed url   auth: null,
15 verbose parsed url   host: null,
15 verbose parsed url   port: null,
15 verbose parsed url   hostname: null,
15 verbose parsed url   hash: null,
15 verbose parsed url   search: null,
15 verbose parsed url   query: null,
15 verbose parsed url   pathname: '~0.8.0.0',
15 verbose parsed url   path: '~0.8.0.0',
15 verbose parsed url   href: '~0.8.0.0' }
16 verbose addNamed [ 'testem', '~0.8.0.0' ]
17 verbose addNamed [ null, null ]
18 verbose cache add [ 'phantomjs@~1.9.16', null ]
19 verbose cache add name=undefined spec="phantomjs@~1.9.16" args=["phantomjs@~1.9.16",null]
20 verbose parsed url { protocol: null,
20 verbose parsed url   slashes: null,
20 verbose parsed url   auth: null,
20 verbose parsed url   host: null,
20 verbose parsed url   port: null,
20 verbose parsed url   hostname: null,
20 verbose parsed url   hash: null,
20 verbose parsed url   search: null,
20 verbose parsed url   query: null,
20 verbose parsed url   pathname: 'phantomjs@~1.9.16',
20 verbose parsed url   path: 'phantomjs@~1.9.16',
20 verbose parsed url   href: 'phantomjs@~1.9.16' }
21 silly lockFile 5d95e670-testem-0-8-0-0 testem@~0.8.0.0
22 verbose lock testem@~0.8.0.0 /Users/shridhardeshmukh/.npm/5d95e670-testem-0-8-0-0.lock
23 verbose cache add name="phantomjs" spec="~1.9.16" args=["phantomjs","~1.9.16"]
24 verbose parsed url { protocol: null,
24 verbose parsed url   slashes: null,
24 verbose parsed url   auth: null,
24 verbose parsed url   host: null,
24 verbose parsed url   port: null,
24 verbose parsed url   hostname: null,
24 verbose parsed url   hash: null,
24 verbose parsed url   search: null,
24 verbose parsed url   query: null,
24 verbose parsed url   pathname: '~1.9.16',
24 verbose parsed url   path: '~1.9.16',
24 verbose parsed url   href: '~1.9.16' }
25 verbose addNamed [ 'phantomjs', '~1.9.16' ]
26 verbose addNamed [ null, '>=1.9.16-0 <1.10.0-0' ]
27 silly lockFile 57852d8a-phantomjs-1-9-16 phantomjs@~1.9.16
28 verbose lock phantomjs@~1.9.16 /Users/shridhardeshmukh/.npm/57852d8a-phantomjs-1-9-16.lock
29 info addNameTag [ 'testem', '~0.8.0.0' ]
30 silly addNameRange { name: 'phantomjs',
30 silly addNameRange   range: '>=1.9.16-0 <1.10.0-0',
30 silly addNameRange   hasData: false }
31 verbose request where is /phantomjs
32 verbose request registry https://registry.npmjs.org/
33 verbose request id 08b2042e943052c9
34 verbose url raw /phantomjs
35 verbose url resolving [ 'https://registry.npmjs.org/', './phantomjs' ]
36 verbose url resolved https://registry.npmjs.org/phantomjs
37 verbose request where is https://registry.npmjs.org/phantomjs
38 info trying registry request attempt 1 at 19:00:03
39 verbose etag "9B87J7OMNVWD21MRWQN04JP8A"
40 http GET https://registry.npmjs.org/phantomjs
41 verbose request where is /testem
42 verbose request registry https://registry.npmjs.org/
43 verbose url raw /testem
44 verbose url resolving [ 'https://registry.npmjs.org/', './testem' ]
45 verbose url resolved https://registry.npmjs.org/testem
46 verbose request where is https://registry.npmjs.org/testem
47 info trying registry request attempt 1 at 19:00:03
48 verbose etag "3S5FC7NWE6J0GPB4POWOPKDXE"
49 http GET https://registry.npmjs.org/testem
50 http 304 https://registry.npmjs.org/phantomjs
51 silly registry.get cb [ 304,
51 silly registry.get   { date: 'Sat, 11 Apr 2015 13:30:05 GMT',
51 silly registry.get     server: 'Apache',
51 silly registry.get     via: '1.1 varnish',
51 silly registry.get     'last-modified': 'Sat, 11 Apr 2015 13:30:06 GMT',
51 silly registry.get     'cache-control': 'max-age=60',
51 silly registry.get     etag: '"9B87J7OMNVWD21MRWQN04JP8A"',
51 silly registry.get     age: '0',
51 silly registry.get     'x-served-by': 'cache-sn86-SIN',
51 silly registry.get     'x-cache': 'HIT',
51 silly registry.get     'x-cache-hits': '1',
51 silly registry.get     'x-timer': 'S1428759005.832080,VS0,VE207',
51 silly registry.get     vary: 'Accept',
51 silly registry.get     'content-length': '0',
51 silly registry.get     'keep-alive': 'timeout=10, max=50',
51 silly registry.get     connection: 'Keep-Alive' } ]
52 verbose etag https://registry.npmjs.org/phantomjs from cache
53 silly addNameRange number 2 { name: 'phantomjs',
53 silly addNameRange   range: '>=1.9.16-0 <1.10.0-0',
53 silly addNameRange   hasData: true }
54 silly addNameRange versions [ 'phantomjs',
54 silly addNameRange   [ '0.0.1',
54 silly addNameRange     '0.0.2',
54 silly addNameRange     '0.0.3',
54 silly addNameRange     '0.0.4',
54 silly addNameRange     '0.0.5',
54 silly addNameRange     '0.0.6',
54 silly addNameRange     '0.0.7',
54 silly addNameRange     '0.0.8',
54 silly addNameRange     '0.0.9',
54 silly addNameRange     '0.1.0',
54 silly addNameRange     '0.1.1',
54 silly addNameRange     '0.2.0',
54 silly addNameRange     '0.2.1',
54 silly addNameRange     '0.2.2',
54 silly addNameRange     '0.2.3',
54 silly addNameRange     '0.2.4',
54 silly addNameRange     '0.2.5',
54 silly addNameRange     '0.2.6',
54 silly addNameRange     '1.8.0-1',
54 silly addNameRange     '1.8.1-1',
54 silly addNameRange     '1.8.1-2',
54 silly addNameRange     '1.8.1-3',
54 silly addNameRange     '1.8.2-0',
54 silly addNameRange     '1.8.2-1',
54 silly addNameRange     '1.8.2-2',
54 silly addNameRange     '1.9.0-0',
54 silly addNameRange     '1.9.0-1',
54 silly addNameRange     '1.9.0-2',
54 silly addNameRange     '1.9.0-3',
54 silly addNameRange     '1.9.0-4',
54 silly addNameRange     '1.9.0-5',
54 silly addNameRange     '1.9.0-6',
54 silly addNameRange     '1.9.1-0',
54 silly addNameRange     '1.9.1-2',
54 silly addNameRange     '1.9.1-3',
54 silly addNameRange     '1.9.1-4',
54 silly addNameRange     '1.9.1-5',
54 silly addNameRange     '1.9.1-6',
54 silly addNameRange     '1.9.1-7',
54 silly addNameRange     '1.9.1-8',
54 silly addNameRange     '1.9.1-9',
54 silly addNameRange     '1.9.2-0',
54 silly addNameRange     '1.9.2-1',
54 silly addNameRange     '1.9.2-2',
54 silly addNameRange     '1.9.2-3',
54 silly addNameRange     '1.9.2-4',
54 silly addNameRange     '1.9.2-5',
54 silly addNameRange     '1.9.2-6',
54 silly addNameRange     '1.9.6-0',
54 silly addNameRange     '1.9.7-1',
54 silly addNameRange     '1.9.7-3',
54 silly addNameRange     '1.9.7-4',
54 silly addNameRange     '1.9.7-5',
54 silly addNameRange     '1.9.7-6',
54 silly addNameRange     '1.9.7-7',
54 silly addNameRange     '1.9.7-8',
54 silly addNameRange     '1.9.7-9',
54 silly addNameRange     '1.9.7-10',
54 silly addNameRange     '1.9.7-11',
54 silly addNameRange     '1.9.7-12',
54 silly addNameRange     '1.9.7-13',
54 silly addNameRange     '1.9.7-14',
54 silly addNameRange     '1.9.7-15',
54 silly addNameRange     '1.8.2-3',
54 silly addNameRange     '1.9.8',
54 silly addNameRange     '1.9.9',
54 silly addNameRange     '1.9.10',
54 silly addNameRange     '1.9.11',
54 silly addNameRange     '1.9.12',
54 silly addNameRange     '1.9.13',
54 silly addNameRange     '1.9.15',
54 silly addNameRange     '1.9.16' ] ]
55 verbose addNamed [ 'phantomjs', '1.9.16' ]
56 verbose addNamed [ '1.9.16', '1.9.16' ]
57 silly lockFile ff1a0094-phantomjs-1-9-16 phantomjs@1.9.16
58 verbose lock phantomjs@1.9.16 /Users/shridhardeshmukh/.npm/ff1a0094-phantomjs-1-9-16.lock
59 silly lockFile ff1a0094-phantomjs-1-9-16 phantomjs@1.9.16
60 silly lockFile ff1a0094-phantomjs-1-9-16 phantomjs@1.9.16
61 silly lockFile 57852d8a-phantomjs-1-9-16 phantomjs@~1.9.16
62 silly lockFile 57852d8a-phantomjs-1-9-16 phantomjs@~1.9.16
63 http 304 https://registry.npmjs.org/testem
64 silly registry.get cb [ 304,
64 silly registry.get   { date: 'Sat, 11 Apr 2015 13:30:05 GMT',
64 silly registry.get     server: 'Apache',
64 silly registry.get     via: '1.1 varnish',
64 silly registry.get     'last-modified': 'Sat, 11 Apr 2015 13:30:07 GMT',
64 silly registry.get     'cache-control': 'max-age=60',
64 silly registry.get     etag: '"3S5FC7NWE6J0GPB4POWOPKDXE"',
64 silly registry.get     age: '1',
64 silly registry.get     'x-served-by': 'cache-sn88-SIN',
64 silly registry.get     'x-cache': 'MISS',
64 silly registry.get     'x-cache-hits': '0',
64 silly registry.get     'x-timer': 'S1428759005.834800,VS0,VE1454',
64 silly registry.get     vary: 'Accept',
64 silly registry.get     'content-length': '0',
64 silly registry.get     'keep-alive': 'timeout=10, max=50',
64 silly registry.get     connection: 'Keep-Alive' } ]
65 verbose etag https://registry.npmjs.org/testem from cache
66 silly lockFile 5d95e670-testem-0-8-0-0 testem@~0.8.0.0
67 silly lockFile 5d95e670-testem-0-8-0-0 testem@~0.8.0.0
68 error notarget No compatible version found: testem@'~0.8.0.0'
68 error notarget Valid install targets:
68 error notarget ["0.0.3","0.0.4","0.0.5","0.0.6","0.0.7","0.0.8","0.0.9","0.0.10","0.0.11","0.0.12","0.0.13","0.0.14","0.0.15","0.0.16","0.0.17","0.0.18","0.0.19","0.0.20","0.0.21","0.0.22","0.0.23","0.0.24","0.0.25","0.0.26","0.0.27","0.0.28","0.0.30","0.0.31","0.0.32","0.0.33","0.0.34","0.0.35","0.0.36","0.0.37","0.0.38","0.0.39","0.0.40","0.0.41","0.0.42","0.0.43","0.0.44","0.0.45","0.0.46","0.0.47","0.0.48","0.0.49","0.0.50","0.0.51","0.0.52","0.0.53","0.0.54","0.0.55","0.0.56","0.0.57","0.1.0","0.1.2","0.1.3","0.1.5","0.1.6","0.1.7","0.1.8","0.2.0","0.2.1","0.2.2","0.2.3","0.2.4","0.2.5","0.2.6","0.2.7","0.2.8","0.2.9","0.2.10","0.2.11","0.2.12","0.2.13","0.2.14","0.2.15","0.2.16","0.2.17","0.2.18","0.2.21","0.2.22","0.2.23","0.2.24","0.2.25","0.2.26","0.2.27","0.2.28","0.2.29","0.2.30","0.2.31","0.2.32","0.2.33","0.2.34","0.2.35","0.2.36","0.2.37","0.2.38","0.2.40","0.2.41","0.2.42","0.2.43","0.2.44","0.2.45","0.2.46","0.2.47","0.2.48","0.2.49","0.2.50","0.2.51","0.2.52","0.2.53","0.2.54","0.2.55","0.2.56","0.2.57","0.2.58","0.2.59","0.2.60","0.2.61","0.2.63","0.2.64","0.2.65","0.2.66","0.2.67","0.2.68","0.2.70","0.2.71","0.2.72","0.2.73","0.2.74","0.2.75","0.2.76","0.2.77","0.2.78","0.2.79","0.2.80","0.2.81","0.2.82","0.2.83","0.2.84","0.2.86","0.2.87","0.2.88","0.2.89","0.2.90","0.2.91","0.2.92","0.2.93","0.2.94","0.2.95","0.2.96","0.2.97","0.2.98","0.3.0","0.3.1","0.3.2","0.3.3","0.3.4","0.3.5","0.3.6","0.3.7","0.3.8","0.3.9","0.3.10","0.3.11","0.3.12","0.3.13","0.3.14","0.3.15","0.3.16","0.3.17","0.3.18","0.3.19","0.3.20","0.3.21","0.3.22","0.3.23","0.3.24","0.3.25","0.3.26","0.3.27","0.3.28","0.3.29","0.3.30","0.4.0","0.4.1","0.4.2","0.4.3","0.4.4","0.4.5","0.4.6","0.4.7","0.4.8","0.5.0","0.5.1","0.5.2","0.5.3","0.5.4","0.5.5","0.5.6","0.5.7","0.5.8","0.5.9","0.5.10","0.5.11","0.5.12","0.5.13","0.5.14","0.5.15","0.6.0","0.6.1","0.6.2","0.6.3","0.6.4","0.6.5","0.6.6","0.6.7","0.6.8","0.6.9","0.6.10","0.6.11","0.6.12","0.6.13","0.6.14","0.6.15","0.6.16","0.6.17","0.6.18","0.6.19","0.6.20","0.6.21","0.6.22","0.6.23","0.6.24","0.6.25","0.6.26","0.6.27","0.6.28","0.6.29","0.6.30","0.6.31","0.6.32","0.6.33","0.6.34","0.6.35","0.6.36","0.6.37","0.6.38","0.6.39","0.7.0-0","0.7.0-1","0.7.0","0.7.1","0.7.2","0.7.3","0.7.4","0.7.5","0.7.6","0.7.7","0.8.0-0"]
68 error notarget
68 error notarget This is most likely not a problem with npm itself.
68 error notarget In most cases you or one of your dependencies are requesting
68 error notarget a package version that doesn't exist.
69 error System Darwin 13.4.0
70 error command "node" "/usr/local/bin/npm" "install"
71 error cwd /Users/shridhardeshmukh/Documents/Projects/MyProjects/jjsonviewer
72 error node -v v0.10.33
73 error npm -v 1.4.28
74 error code ETARGET
75 verbose exit [ 1, true ]
